SF:ember-tutorial-component/components/ember-tutorial-component
DA:1,1
DA:2,1
DA:4,1
DA:5,1
DA:6,1
DA:7,1
DA:8,1
DA:23,1
DA:54,16
DA:62,3
DA:63,3
DA:64,3
DA:68,1
DA:69,1
DA:70,1
DA:78,3
DA:79,3
DA:97,7
DA:98,7
DA:99,7
DA:100,7
DA:101,7
DA:103,3
DA:104,3
DA:105,3
DA:106,3
DA:108,2
DA:109,2
DA:110,2
DA:111,2
DA:113,1
DA:114,1
DA:115,1
DA:116,1
DA:118,1
DA:119,1
DA:120,1
DA:121,1
DA:123,7
DA:124,7
DA:125,7
DA:132,16
DA:133,16
DA:134,15
DA:136,1
DA:146,4
DA:155,2
DA:163,3
DA:171,3
DA:179,3
DA:187,2
DA:188,2
DA:189,0
DA:191,2
DA:192,2
DA:194,0
DA:199,1
DA:200,1
DA:201,1
DA:202,1
DA:203,1
DA:204,0
DA:205,0
DA:206,0
DA:207,0
DA:208,0
DA:210,0
DA:213,0
DA:214,0
DA:223,2
DA:224,2
DA:225,2
DA:226,2
DA:227,2
DA:232,2
DA:233,0
DA:234,0
DA:236,2
DA:245,2
DA:246,2
DA:247,2
DA:248,2
DA:249,2
DA:250,2
DA:251,2
DA:254,0
DA:264,2
DA:266,2
DA:267,1
DA:268,1
DA:269,1
DA:270,1
DA:271,4
DA:272,0
DA:273,0
DA:274,0
DA:286,2
DA:287,2
DA:288,2
DA:294,0
DA:295,0
DA:296,0
DA:297,0
DA:298,0
DA:299,0
DA:300,0
DA:301,0
DA:312,2
DA:313,2
DA:314,2
DA:315,2
DA:316,2
DA:317,2
DA:318,2
DA:319,4
DA:320,4
DA:321,4
DA:323,2
DA:331,2
DA:332,2
DA:333,2
DA:334,0
DA:336,2
DA:337,2
DA:338,0
DA:340,2
DA:341,2
DA:342,2
DA:344,1
DA:345,1
DA:347,1
DA:350,0
DA:351,0
DA:353,2
DA:361,0
DA:373,0
DA:375,0
DA:376,0
DA:377,0
DA:378,0
DA:379,0
DA:387,0
DA:388,0
DA:389,0
DA:391,0
DA:392,0
DA:393,0
DA:394,0
DA:401,0
DA:405,0
DA:406,0
DA:407,0
DA:408,0
DA:409,0
LF:154
LH:106
end_of_record