SF:ember-tutorial-component/components/ember-tutorial-component
DA:1,1
DA:2,1
DA:4,1
DA:5,1
DA:6,1
DA:7,1
DA:8,1
DA:23,1
DA:54,33
DA:62,18
DA:63,18
DA:64,18
DA:68,9
DA:69,9
DA:70,9
DA:78,18
DA:79,18
DA:97,22
DA:98,22
DA:99,22
DA:100,22
DA:101,22
DA:103,10
DA:104,10
DA:105,10
DA:106,10
DA:108,5
DA:109,5
DA:110,5
DA:111,5
DA:113,4
DA:114,4
DA:115,4
DA:116,4
DA:118,3
DA:119,3
DA:120,3
DA:121,3
DA:123,22
DA:124,22
DA:125,22
DA:132,35
DA:133,35
DA:134,33
DA:136,2
DA:146,19
DA:155,17
DA:163,20
DA:171,20
DA:179,20
DA:187,10
DA:188,9
DA:189,1
DA:190,1
DA:192,8
DA:193,8
DA:195,1
DA:200,8
DA:201,8
DA:202,8
DA:203,1
DA:204,1
DA:205,7
DA:206,7
DA:207,7
DA:208,7
DA:209,7
DA:211,0
DA:214,0
DA:215,0
DA:224,17
DA:225,17
DA:226,17
DA:227,17
DA:228,17
DA:233,17
DA:234,8
DA:235,8
DA:237,9
DA:246,17
DA:247,17
DA:248,8
DA:249,8
DA:250,8
DA:251,8
DA:252,8
DA:255,9
DA:265,17
DA:267,17
DA:268,1
DA:269,1
DA:270,1
DA:271,1
DA:272,4
DA:273,0
DA:274,0
DA:275,0
DA:287,17
DA:288,17
DA:289,17
DA:295,2
DA:296,2
DA:297,2
DA:298,2
DA:299,2
DA:300,2
DA:301,0
DA:302,0
DA:313,17
DA:314,17
DA:315,17
DA:316,17
DA:317,17
DA:318,17
DA:319,17
DA:320,17
DA:321,17
DA:322,17
DA:324,17
DA:332,17
DA:333,17
DA:334,17
DA:335,3
DA:337,14
DA:338,14
DA:339,8
DA:341,14
DA:342,14
DA:343,14
DA:345,1
DA:346,1
DA:348,8
DA:351,5
DA:352,5
DA:354,14
DA:362,8
DA:374,6
DA:375,6
DA:376,6
DA:377,6
DA:378,6
DA:379,6
DA:387,2
DA:388,2
DA:389,2
DA:391,2
DA:392,2
DA:393,2
DA:394,2
DA:401,1
DA:405,3
DA:406,3
DA:407,3
DA:408,3
DA:409,2
LF:155
LH:147
end_of_record